::1 - - [Mon, 27 Feb 2017 09:43:53 GMT] "GET /u/2/2017-2-27/2 HTTP/1.1" 200 1893 "http://localhost:3000/" "Mozilla/5.0 (Windows NT 10.0; WOW64) AppleWebKit/537.36 (KHTML, like Gecko) Chrome/55.0.2883.87 Safari/537.36"
::1 - - [Mon, 27 Feb 2017 09:43:53 GMT] "GET /stylesheets/style.css HTTP/1.1" 304 - "http://localhost:3000/u/2/2017-2-27/2" "Mozilla/5.0 (Windows NT 10.0; WOW64) AppleWebKit/537.36 (KHTML, like Gecko) Chrome/55.0.2883.87 Safari/537.36"
::1 - - [Mon, 27 Feb 2017 09:43:53 GMT] "GET /favicon.ico HTTP/1.1" 200 229 "http://localhost:3000/u/2/2017-2-27/2" "Mozilla/5.0 (Windows NT 10.0; WOW64) AppleWebKit/537.36 (KHTML, like Gecko) Chrome/55.0.2883.87 Safari/537.36"
::1 - - [Mon, 27 Feb 2017 09:43:54 GMT] "GET /u/2/2017-2-27/2 HTTP/1.1" 200 1893 "http://localhost:3000/" "Mozilla/5.0 (Windows NT 10.0; WOW64) AppleWebKit/537.36 (KHTML, like Gecko) Chrome/55.0.2883.87 Safari/537.36"
::1 - - [Mon, 27 Feb 2017 09:43:54 GMT] "GET /stylesheets/style.css HTTP/1.1" 304 - "http://localhost:3000/u/2/2017-2-27/2" "Mozilla/5.0 (Windows NT 10.0; WOW64) AppleWebKit/537.36 (KHTML, like Gecko) Chrome/55.0.2883.87 Safari/537.36"
::1 - - [Mon, 27 Feb 2017 09:43:54 GMT] "GET /favicon.ico HTTP/1.1" 200 229 "http://localhost:3000/u/2/2017-2-27/2" "Mozilla/5.0 (Windows NT 10.0; WOW64) AppleWebKit/537.36 (KHTML, like Gecko) Chrome/55.0.2883.87 Safari/537.36"
::1 - - [Mon, 27 Feb 2017 09:43:54 GMT] "GET /u/2/2017-2-27/2 HTTP/1.1" 200 1893 "http://localhost:3000/" "Mozilla/5.0 (Windows NT 10.0; WOW64) AppleWebKit/537.36 (KHTML, like Gecko) Chrome/55.0.2883.87 Safari/537.36"
::1 - - [Mon, 27 Feb 2017 09:43:54 GMT] "GET /stylesheets/style.css HTTP/1.1" 304 - "http://localhost:3000/u/2/2017-2-27/2" "Mozilla/5.0 (Windows NT 10.0; WOW64) AppleWebKit/537.36 (KHTML, like Gecko) Chrome/55.0.2883.87 Safari/537.36"
::1 - - [Mon, 27 Feb 2017 09:43:54 GMT] "GET /favicon.ico HTTP/1.1" 200 229 "http://localhost:3000/u/2/2017-2-27/2" "Mozilla/5.0 (Windows NT 10.0; WOW64) AppleWebKit/537.36 (KHTML, like Gecko) Chrome/55.0.2883.87 Safari/537.36"
::1 - - [Mon, 27 Feb 2017 09:43:54 GMT] "GET /u/2/2017-2-27/2 HTTP/1.1" 200 1893 "http://localhost:3000/" "Mozilla/5.0 (Windows NT 10.0; WOW64) AppleWebKit/537.36 (KHTML, like Gecko) Chrome/55.0.2883.87 Safari/537.36"
::1 - - [Mon, 27 Feb 2017 09:43:54 GMT] "GET /stylesheets/style.css HTTP/1.1" 304 - "http://localhost:3000/u/2/2017-2-27/2" "Mozilla/5.0 (Windows NT 10.0; WOW64) AppleWebKit/537.36 (KHTML, like Gecko) Chrome/55.0.2883.87 Safari/537.36"
::1 - - [Mon, 27 Feb 2017 09:43:54 GMT] "GET /favicon.ico HTTP/1.1" 200 229 "http://localhost:3000/u/2/2017-2-27/2" "Mozilla/5.0 (Windows NT 10.0; WOW64) AppleWebKit/537.36 (KHTML, like Gecko) Chrome/55.0.2883.87 Safari/537.36"
::1 - - [Mon, 27 Feb 2017 09:43:54 GMT] "GET /u/2/2017-2-27/2 HTTP/1.1" 200 1893 "http://localhost:3000/" "Mozilla/5.0 (Windows NT 10.0; WOW64) AppleWebKit/537.36 (KHTML, like Gecko) Chrome/55.0.2883.87 Safari/537.36"
::1 - - [Mon, 27 Feb 2017 09:43:54 GMT] "GET /stylesheets/style.css HTTP/1.1" 304 - "http://localhost:3000/u/2/2017-2-27/2" "Mozilla/5.0 (Windows NT 10.0; WOW64) AppleWebKit/537.36 (KHTML, like Gecko) Chrome/55.0.2883.87 Safari/537.36"
::1 - - [Mon, 27 Feb 2017 09:43:54 GMT] "GET /favicon.ico HTTP/1.1" 200 229 "http://localhost:3000/u/2/2017-2-27/2" "Mozilla/5.0 (Windows NT 10.0; WOW64) AppleWebKit/537.36 (KHTML, like Gecko) Chrome/55.0.2883.87 Safari/537.36"
::1 - - [Mon, 27 Feb 2017 09:43:54 GMT] "GET /u/2/2017-2-27/2 HTTP/1.1" 200 1893 "http://localhost:3000/" "Mozilla/5.0 (Windows NT 10.0; WOW64) AppleWebKit/537.36 (KHTML, like Gecko) Chrome/55.0.2883.87 Safari/537.36"
::1 - - [Mon, 27 Feb 2017 09:43:55 GMT] "GET /stylesheets/style.css HTTP/1.1" 304 - "http://localhost:3000/u/2/2017-2-27/2" "Mozilla/5.0 (Windows NT 10.0; WOW64) AppleWebKit/537.36 (KHTML, like Gecko) Chrome/55.0.2883.87 Safari/537.36"
::1 - - [Mon, 27 Feb 2017 09:43:55 GMT] "GET /favicon.ico HTTP/1.1" 200 229 "http://localhost:3000/u/2/2017-2-27/2" "Mozilla/5.0 (Windows NT 10.0; WOW64) AppleWebKit/537.36 (KHTML, like Gecko) Chrome/55.0.2883.87 Safari/537.36"
::1 - - [Mon, 27 Feb 2017 09:43:55 GMT] "GET / HTTP/1.1" 200 2354 "http://localhost:3000/u/2/2017-2-27/2" "Mozilla/5.0 (Windows NT 10.0; WOW64) AppleWebKit/537.36 (KHTML, like Gecko) Chrome/55.0.2883.87 Safari/537.36"
::1 - - [Mon, 27 Feb 2017 09:43:55 GMT] "GET /stylesheets/style.css HTTP/1.1" 304 - "http://localhost:3000/" "Mozilla/5.0 (Windows NT 10.0; WOW64) AppleWebKit/537.36 (KHTML, like Gecko) Chrome/55.0.2883.87 Safari/537.36"
::1 - - [Mon, 27 Feb 2017 09:43:55 GMT] "GET /favicon.ico HTTP/1.1" 304 - "http://localhost:3000/" "Mozilla/5.0 (Windows NT 10.0; WOW64) AppleWebKit/537.36 (KHTML, like Gecko) Chrome/55.0.2883.87 Safari/537.36"
::1 - - [Mon, 27 Feb 2017 09:43:57 GMT] "GET /u/2/2017-2-27/2 HTTP/1.1" 200 1894 "http://localhost:3000/" "Mozilla/5.0 (Windows NT 10.0; WOW64) AppleWebKit/537.36 (KHTML, like Gecko) Chrome/55.0.2883.87 Safari/537.36"
::1 - - [Mon, 27 Feb 2017 09:43:57 GMT] "GET /stylesheets/style.css HTTP/1.1" 304 - "http://localhost:3000/u/2/2017-2-27/2" "Mozilla/5.0 (Windows NT 10.0; WOW64) AppleWebKit/537.36 (KHTML, like Gecko) Chrome/55.0.2883.87 Safari/537.36"
::1 - - [Mon, 27 Feb 2017 09:43:57 GMT] "GET /favicon.ico HTTP/1.1" 304 - "http://localhost:3000/u/2/2017-2-27/2" "Mozilla/5.0 (Windows NT 10.0; WOW64) AppleWebKit/537.36 (KHTML, like Gecko) Chrome/55.0.2883.87 Safari/537.36"
::1 - - [Mon, 27 Feb 2017 09:43:58 GMT] "GET /u/2/2017-2-27/2 HTTP/1.1" 200 1894 "http://localhost:3000/" "Mozilla/5.0 (Windows NT 10.0; WOW64) AppleWebKit/537.36 (KHTML, like Gecko) Chrome/55.0.2883.87 Safari/537.36"
::1 - - [Mon, 27 Feb 2017 09:43:58 GMT] "GET /stylesheets/style.css HTTP/1.1" 304 - "http://localhost:3000/u/2/2017-2-27/2" "Mozilla/5.0 (Windows NT 10.0; WOW64) AppleWebKit/537.36 (KHTML, like Gecko) Chrome/55.0.2883.87 Safari/537.36"
::1 - - [Mon, 27 Feb 2017 09:43:58 GMT] "GET /favicon.ico HTTP/1.1" 200 229 "http://localhost:3000/u/2/2017-2-27/2" "Mozilla/5.0 (Windows NT 10.0; WOW64) AppleWebKit/537.36 (KHTML, like Gecko) Chrome/55.0.2883.87 Safari/537.36"
::1 - - [Mon, 27 Feb 2017 09:43:59 GMT] "GET /u/2/2017-2-27/2 HTTP/1.1" 200 1894 "http://localhost:3000/" "Mozilla/5.0 (Windows NT 10.0; WOW64) AppleWebKit/537.36 (KHTML, like Gecko) Chrome/55.0.2883.87 Safari/537.36"
::1 - - [Mon, 27 Feb 2017 09:43:59 GMT] "GET /stylesheets/style.css HTTP/1.1" 304 - "http://localhost:3000/u/2/2017-2-27/2" "Mozilla/5.0 (Windows NT 10.0; WOW64) AppleWebKit/537.36 (KHTML, like Gecko) Chrome/55.0.2883.87 Safari/537.36"
::1 - - [Mon, 27 Feb 2017 09:43:59 GMT] "GET /favicon.ico HTTP/1.1" 200 229 "http://localhost:3000/u/2/2017-2-27/2" "Mozilla/5.0 (Windows NT 10.0; WOW64) AppleWebKit/537.36 (KHTML, like Gecko) Chrome/55.0.2883.87 Safari/537.36"
::1 - - [Mon, 27 Feb 2017 09:43:59 GMT] "GET /u/2/2017-2-27/2 HTTP/1.1" 200 1894 "http://localhost:3000/" "Mozilla/5.0 (Windows NT 10.0; WOW64) AppleWebKit/537.36 (KHTML, like Gecko) Chrome/55.0.2883.87 Safari/537.36"
::1 - - [Mon, 27 Feb 2017 09:43:59 GMT] "GET /stylesheets/style.css HTTP/1.1" 304 - "http://localhost:3000/u/2/2017-2-27/2" "Mozilla/5.0 (Windows NT 10.0; WOW64) AppleWebKit/537.36 (KHTML, like Gecko) Chrome/55.0.2883.87 Safari/537.36"
::1 - - [Mon, 27 Feb 2017 09:43:59 GMT] "GET /favicon.ico HTTP/1.1" 200 229 "http://localhost:3000/u/2/2017-2-27/2" "Mozilla/5.0 (Windows NT 10.0; WOW64) AppleWebKit/537.36 (KHTML, like Gecko) Chrome/55.0.2883.87 Safari/537.36"
::1 - - [Mon, 27 Feb 2017 09:43:59 GMT] "GET /u/2/2017-2-27/2 HTTP/1.1" 200 1894 "http://localhost:3000/" "Mozilla/5.0 (Windows NT 10.0; WOW64) AppleWebKit/537.36 (KHTML, like Gecko) Chrome/55.0.2883.87 Safari/537.36"
::1 - - [Mon, 27 Feb 2017 09:43:59 GMT] "GET /stylesheets/style.css HTTP/1.1" 304 - "http://localhost:3000/u/2/2017-2-27/2" "Mozilla/5.0 (Windows NT 10.0; WOW64) AppleWebKit/537.36 (KHTML, like Gecko) Chrome/55.0.2883.87 Safari/537.36"
::1 - - [Mon, 27 Feb 2017 09:43:59 GMT] "GET /favicon.ico HTTP/1.1" 200 229 "http://localhost:3000/u/2/2017-2-27/2" "Mozilla/5.0 (Windows NT 10.0; WOW64) AppleWebKit/537.36 (KHTML, like Gecko) Chrome/55.0.2883.87 Safari/537.36"
::1 - - [Mon, 27 Feb 2017 09:44:00 GMT] "GET / HTTP/1.1" 200 2354 "http://localhost:3000/u/2/2017-2-27/2" "Mozilla/5.0 (Windows NT 10.0; WOW64) AppleWebKit/537.36 (KHTML, like Gecko) Chrome/55.0.2883.87 Safari/537.36"
::1 - - [Mon, 27 Feb 2017 09:44:00 GMT] "GET /stylesheets/style.css HTTP/1.1" 304 - "http://localhost:3000/" "Mozilla/5.0 (Windows NT 10.0; WOW64) AppleWebKit/537.36 (KHTML, like Gecko) Chrome/55.0.2883.87 Safari/537.36"
::1 - - [Mon, 27 Feb 2017 09:44:00 GMT] "GET /favicon.ico HTTP/1.1" 304 - "http://localhost:3000/" "Mozilla/5.0 (Windows NT 10.0; WOW64) AppleWebKit/537.36 (KHTML, like Gecko) Chrome/55.0.2883.87 Safari/537.36"
::1 - - [Mon, 27 Feb 2017 09:44:01 GMT] "GET /logout HTTP/1.1" 302 46 "http://localhost:3000/" "Mozilla/5.0 (Windows NT 10.0; WOW64) AppleWebKit/537.36 (KHTML, like Gecko) Chrome/55.0.2883.87 Safari/537.36"
::1 - - [Mon, 27 Feb 2017 09:44:01 GMT] "GET / HTTP/1.1" 200 2324 "http://localhost:3000/" "Mozilla/5.0 (Windows NT 10.0; WOW64) AppleWebKit/537.36 (KHTML, like Gecko) Chrome/55.0.2883.87 Safari/537.36"
::1 - - [Mon, 27 Feb 2017 09:44:01 GMT] "GET /stylesheets/style.css HTTP/1.1" 304 - "http://localhost:3000/" "Mozilla/5.0 (Windows NT 10.0; WOW64) AppleWebKit/537.36 (KHTML, like Gecko) Chrome/55.0.2883.87 Safari/537.36"
::1 - - [Mon, 27 Feb 2017 09:44:02 GMT] "GET /favicon.ico HTTP/1.1" 304 - "http://localhost:3000/" "Mozilla/5.0 (Windows NT 10.0; WOW64) AppleWebKit/537.36 (KHTML, like Gecko) Chrome/55.0.2883.87 Safari/537.36"
::1 - - [Mon, 27 Feb 2017 09:44:05 GMT] "GET /login HTTP/1.1" 200 1140 "http://localhost:3000/" "Mozilla/5.0 (Windows NT 10.0; WOW64) AppleWebKit/537.36 (KHTML, like Gecko) Chrome/55.0.2883.87 Safari/537.36"
::1 - - [Mon, 27 Feb 2017 09:44:05 GMT] "GET /stylesheets/style.css HTTP/1.1" 304 - "http://localhost:3000/login" "Mozilla/5.0 (Windows NT 10.0; WOW64) AppleWebKit/537.36 (KHTML, like Gecko) Chrome/55.0.2883.87 Safari/537.36"
::1 - - [Mon, 27 Feb 2017 09:44:05 GMT] "GET /favicon.ico HTTP/1.1" 304 - "http://localhost:3000/login" "Mozilla/5.0 (Windows NT 10.0; WOW64) AppleWebKit/537.36 (KHTML, like Gecko) Chrome/55.0.2883.87 Safari/537.36"
::1 - - [Mon, 27 Feb 2017 09:44:07 GMT] "POST /login HTTP/1.1" 302 46 "http://localhost:3000/login" "Mozilla/5.0 (Windows NT 10.0; WOW64) AppleWebKit/537.36 (KHTML, like Gecko) Chrome/55.0.2883.87 Safari/537.36"
::1 - - [Mon, 27 Feb 2017 09:44:08 GMT] "GET / HTTP/1.1" 200 2387 "http://localhost:3000/login" "Mozilla/5.0 (Windows NT 10.0; WOW64) AppleWebKit/537.36 (KHTML, like Gecko) Chrome/55.0.2883.87 Safari/537.36"
::1 - - [Mon, 27 Feb 2017 09:44:08 GMT] "GET /stylesheets/style.css HTTP/1.1" 304 - "http://localhost:3000/" "Mozilla/5.0 (Windows NT 10.0; WOW64) AppleWebKit/537.36 (KHTML, like Gecko) Chrome/55.0.2883.87 Safari/537.36"
::1 - - [Mon, 27 Feb 2017 09:44:08 GMT] "GET /favicon.ico HTTP/1.1" 304 - "http://localhost:3000/" "Mozilla/5.0 (Windows NT 10.0; WOW64) AppleWebKit/537.36 (KHTML, like Gecko) Chrome/55.0.2883.87 Safari/537.36"
::1 - - [Mon, 27 Feb 2017 09:44:08 GMT] "GET /u/2/2017-2-27/[%E8%BD%AC%E8%BD%BD]1 HTTP/1.1" 200 1760 "http://localhost:3000/" "Mozilla/5.0 (Windows NT 10.0; WOW64) AppleWebKit/537.36 (KHTML, like Gecko) Chrome/55.0.2883.87 Safari/537.36"
::1 - - [Mon, 27 Feb 2017 09:44:08 GMT] "GET /stylesheets/style.css HTTP/1.1" 304 - "http://localhost:3000/u/2/2017-2-27/[%E8%BD%AC%E8%BD%BD]1" "Mozilla/5.0 (Windows NT 10.0; WOW64) AppleWebKit/537.36 (KHTML, like Gecko) Chrome/55.0.2883.87 Safari/537.36"
::1 - - [Mon, 27 Feb 2017 09:44:08 GMT] "GET /favicon.ico HTTP/1.1" 304 - "http://localhost:3000/u/2/2017-2-27/[%E8%BD%AC%E8%BD%BD]1" "Mozilla/5.0 (Windows NT 10.0; WOW64) AppleWebKit/537.36 (KHTML, like Gecko) Chrome/55.0.2883.87 Safari/537.36"
::1 - - [Mon, 27 Feb 2017 09:44:11 GMT] "GET /favicon.ico HTTP/1.1" 304 - "http://localhost:3000/" "Mozilla/5.0 (Windows NT 10.0; WOW64) AppleWebKit/537.36 (KHTML, like Gecko) Chrome/55.0.2883.87 Safari/537.36"
::1 - - [Mon, 27 Feb 2017 09:44:14 GMT] "GET /u/2/2017-2-27/[%E8%BD%AC%E8%BD%BD]1 HTTP/1.1" 200 1760 "http://localhost:3000/" "Mozilla/5.0 (Windows NT 10.0; WOW64) AppleWebKit/537.36 (KHTML, like Gecko) Chrome/55.0.2883.87 Safari/537.36"
::1 - - [Mon, 27 Feb 2017 09:44:14 GMT] "GET /stylesheets/style.css HTTP/1.1" 304 - "http://localhost:3000/u/2/2017-2-27/[%E8%BD%AC%E8%BD%BD]1" "Mozilla/5.0 (Windows NT 10.0; WOW64) AppleWebKit/537.36 (KHTML, like Gecko) Chrome/55.0.2883.87 Safari/537.36"
::1 - - [Mon, 27 Feb 2017 09:44:14 GMT] "GET /favicon.ico HTTP/1.1" 304 - "http://localhost:3000/u/2/2017-2-27/[%E8%BD%AC%E8%BD%BD]1" "Mozilla/5.0 (Windows NT 10.0; WOW64) AppleWebKit/537.36 (KHTML, like Gecko) Chrome/55.0.2883.87 Safari/537.36"
::1 - - [Mon, 27 Feb 2017 09:44:15 GMT] "GET /favicon.ico HTTP/1.1" 304 - "http://localhost:3000/" "Mozilla/5.0 (Windows NT 10.0; WOW64) AppleWebKit/537.36 (KHTML, like Gecko) Chrome/55.0.2883.87 Safari/537.36"
::1 - - [Mon, 27 Feb 2017 09:44:16 GMT] "GET /u/2/2017-2-27/2 HTTP/1.1" 200 1820 "http://localhost:3000/" "Mozilla/5.0 (Windows NT 10.0; WOW64) AppleWebKit/537.36 (KHTML, like Gecko) Chrome/55.0.2883.87 Safari/537.36"
::1 - - [Mon, 27 Feb 2017 09:44:16 GMT] "GET /stylesheets/style.css HTTP/1.1" 304 - "http://localhost:3000/u/2/2017-2-27/2" "Mozilla/5.0 (Windows NT 10.0; WOW64) AppleWebKit/537.36 (KHTML, like Gecko) Chrome/55.0.2883.87 Safari/537.36"
::1 - - [Mon, 27 Feb 2017 09:44:16 GMT] "GET /favicon.ico HTTP/1.1" 304 - "http://localhost:3000/u/2/2017-2-27/2" "Mozilla/5.0 (Windows NT 10.0; WOW64) AppleWebKit/537.36 (KHTML, like Gecko) Chrome/55.0.2883.87 Safari/537.36"
::1 - - [Mon, 27 Feb 2017 09:44:17 GMT] "GET /favicon.ico HTTP/1.1" 304 - "http://localhost:3000/" "Mozilla/5.0 (Windows NT 10.0; WOW64) AppleWebKit/537.36 (KHTML, like Gecko) Chrome/55.0.2883.87 Safari/537.36"
::1 - - [Mon, 27 Feb 2017 09:44:17 GMT] "GET /u/1/2017-2-27/1 HTTP/1.1" 200 1894 "http://localhost:3000/" "Mozilla/5.0 (Windows NT 10.0; WOW64) AppleWebKit/537.36 (KHTML, like Gecko) Chrome/55.0.2883.87 Safari/537.36"
::1 - - [Mon, 27 Feb 2017 09:44:17 GMT] "GET /stylesheets/style.css HTTP/1.1" 304 - "http://localhost:3000/u/1/2017-2-27/1" "Mozilla/5.0 (Windows NT 10.0; WOW64) AppleWebKit/537.36 (KHTML, like Gecko) Chrome/55.0.2883.87 Safari/537.36"
::1 - - [Mon, 27 Feb 2017 09:44:17 GMT] "GET /favicon.ico HTTP/1.1" 304 - "http://localhost:3000/u/1/2017-2-27/1" "Mozilla/5.0 (Windows NT 10.0; WOW64) AppleWebKit/537.36 (KHTML, like Gecko) Chrome/55.0.2883.87 Safari/537.36"
::1 - - [Mon, 27 Feb 2017 09:44:18 GMT] "GET /favicon.ico HTTP/1.1" 304 - "http://localhost:3000/" "Mozilla/5.0 (Windows NT 10.0; WOW64) AppleWebKit/537.36 (KHTML, like Gecko) Chrome/55.0.2883.87 Safari/537.36"
::1 - - [Mon, 27 Feb 2017 09:44:19 GMT] "GET /u/2/2017-2-27/2 HTTP/1.1" 200 1820 "http://localhost:3000/" "Mozilla/5.0 (Windows NT 10.0; WOW64) AppleWebKit/537.36 (KHTML, like Gecko) Chrome/55.0.2883.87 Safari/537.36"
::1 - - [Mon, 27 Feb 2017 09:44:19 GMT] "GET /stylesheets/style.css HTTP/1.1" 304 - "http://localhost:3000/u/2/2017-2-27/2" "Mozilla/5.0 (Windows NT 10.0; WOW64) AppleWebKit/537.36 (KHTML, like Gecko) Chrome/55.0.2883.87 Safari/537.36"
::1 - - [Mon, 27 Feb 2017 09:44:19 GMT] "GET /favicon.ico HTTP/1.1" 304 - "http://localhost:3000/u/2/2017-2-27/2" "Mozilla/5.0 (Windows NT 10.0; WOW64) AppleWebKit/537.36 (KHTML, like Gecko) Chrome/55.0.2883.87 Safari/537.36"
::1 - - [Mon, 27 Feb 2017 09:44:20 GMT] "GET /reprint/2/2017-2-27/2 HTTP/1.1" 302 76 "http://localhost:3000/u/2/2017-2-27/2" "Mozilla/5.0 (Windows NT 10.0; WOW64) AppleWebKit/537.36 (KHTML, like Gecko) Chrome/55.0.2883.87 Safari/537.36"
::1 - - [Mon, 27 Feb 2017 09:44:20 GMT] "GET /u/2/2017-2-27/2 HTTP/1.1" 200 1807 "http://localhost:3000/u/2/2017-2-27/2" "Mozilla/5.0 (Windows NT 10.0; WOW64) AppleWebKit/537.36 (KHTML, like Gecko) Chrome/55.0.2883.87 Safari/537.36"
::1 - - [Mon, 27 Feb 2017 09:44:20 GMT] "GET /stylesheets/style.css HTTP/1.1" 304 - "http://localhost:3000/u/2/2017-2-27/2" "Mozilla/5.0 (Windows NT 10.0; WOW64) AppleWebKit/537.36 (KHTML, like Gecko) Chrome/55.0.2883.87 Safari/537.36"
::1 - - [Mon, 27 Feb 2017 09:44:20 GMT] "GET /favicon.ico HTTP/1.1" 304 - "http://localhost:3000/u/2/2017-2-27/2" "Mozilla/5.0 (Windows NT 10.0; WOW64) AppleWebKit/537.36 (KHTML, like Gecko) Chrome/55.0.2883.87 Safari/537.36"
::1 - - [Mon, 27 Feb 2017 09:44:22 GMT] "GET / HTTP/1.1" 200 2846 "http://localhost:3000/u/2/2017-2-27/2" "Mozilla/5.0 (Windows NT 10.0; WOW64) AppleWebKit/537.36 (KHTML, like Gecko) Chrome/55.0.2883.87 Safari/537.36"
::1 - - [Mon, 27 Feb 2017 09:44:22 GMT] "GET /stylesheets/style.css HTTP/1.1" 304 - "http://localhost:3000/" "Mozilla/5.0 (Windows NT 10.0; WOW64) AppleWebKit/537.36 (KHTML, like Gecko) Chrome/55.0.2883.87 Safari/537.36"
::1 - - [Mon, 27 Feb 2017 09:44:22 GMT] "GET /favicon.ico HTTP/1.1" 304 - "http://localhost:3000/" "Mozilla/5.0 (Windows NT 10.0; WOW64) AppleWebKit/537.36 (KHTML, like Gecko) Chrome/55.0.2883.87 Safari/537.36"
::1 - - [Mon, 27 Feb 2017 09:44:50 GMT] "GET / HTTP/1.1" 200 2910 "http://localhost:3000/u/2/2017-2-27/2" "Mozilla/5.0 (Windows NT 10.0; WOW64) AppleWebKit/537.36 (KHTML, like Gecko) Chrome/55.0.2883.87 Safari/537.36"
::1 - - [Mon, 27 Feb 2017 09:44:50 GMT] "GET /stylesheets/style.css HTTP/1.1" 304 - "http://localhost:3000/" "Mozilla/5.0 (Windows NT 10.0; WOW64) AppleWebKit/537.36 (KHTML, like Gecko) Chrome/55.0.2883.87 Safari/537.36"
::1 - - [Mon, 27 Feb 2017 09:44:50 GMT] "GET /favicon.ico HTTP/1.1" 200 229 "http://localhost:3000/" "Mozilla/5.0 (Windows NT 10.0; WOW64) AppleWebKit/537.36 (KHTML, like Gecko) Chrome/55.0.2883.87 Safari/537.36"
::1 - - [Mon, 27 Feb 2017 09:44:54 GMT] "GET / HTTP/1.1" 304 - "http://localhost:3000/" "Mozilla/5.0 (Windows NT 10.0; WOW64) AppleWebKit/537.36 (KHTML, like Gecko) Chrome/55.0.2883.87 Safari/537.36"
::1 - - [Mon, 27 Feb 2017 09:44:54 GMT] "GET /stylesheets/style.css HTTP/1.1" 304 - "http://localhost:3000/" "Mozilla/5.0 (Windows NT 10.0; WOW64) AppleWebKit/537.36 (KHTML, like Gecko) Chrome/55.0.2883.87 Safari/537.36"
::1 - - [Mon, 27 Feb 2017 09:44:54 GMT] "GET /favicon.ico HTTP/1.1" 304 - "http://localhost:3000/" "Mozilla/5.0 (Windows NT 10.0; WOW64) AppleWebKit/537.36 (KHTML, like Gecko) Chrome/55.0.2883.87 Safari/537.36"
